mode: set
github.com/dwin/goArgonPass/password.go:39.69,41.31 1 1
github.com/dwin/goArgonPass/password.go:45.2,46.27 2 1
github.com/dwin/goArgonPass/password.go:56.2,57.16 2 1
github.com/dwin/goArgonPass/password.go:62.2,63.16 2 1
github.com/dwin/goArgonPass/password.go:68.2,75.161 3 1
github.com/dwin/goArgonPass/password.go:41.31,43.3 1 1
github.com/dwin/goArgonPass/password.go:47.9,48.25 1 1
github.com/dwin/goArgonPass/password.go:49.9,50.27 1 1
github.com/dwin/goArgonPass/password.go:51.10,52.33 1 1
github.com/dwin/goArgonPass/password.go:57.16,59.3 1 0
github.com/dwin/goArgonPass/password.go:63.16,65.3 1 0
github.com/dwin/goArgonPass/password.go:80.38,83.30 2 1
github.com/dwin/goArgonPass/password.go:88.2,92.16 3 1
github.com/dwin/goArgonPass/password.go:97.2,97.17 1 1
github.com/dwin/goArgonPass/password.go:105.2,106.16 2 1
github.com/dwin/goArgonPass/password.go:110.2,110.53 1 1
github.com/dwin/goArgonPass/password.go:115.2,116.16 2 1
github.com/dwin/goArgonPass/password.go:121.2,122.16 2 1
github.com/dwin/goArgonPass/password.go:127.2,131.16 3 1
github.com/dwin/goArgonPass/password.go:136.2,136.29 1 1
github.com/dwin/goArgonPass/password.go:144.2,144.24 1 0
github.com/dwin/goArgonPass/password.go:83.30,85.3 1 1
github.com/dwin/goArgonPass/password.go:92.16,94.3 1 0
github.com/dwin/goArgonPass/password.go:98.17,99.34 1 1
github.com/dwin/goArgonPass/password.go:100.18,101.35 1 1
github.com/dwin/goArgonPass/password.go:106.16,108.3 1 0
github.com/dwin/goArgonPass/password.go:110.53,112.3 1 1
github.com/dwin/goArgonPass/password.go:116.16,118.3 1 1
github.com/dwin/goArgonPass/password.go:122.16,124.3 1 1
github.com/dwin/goArgonPass/password.go:131.16,133.3 1 0
github.com/dwin/goArgonPass/password.go:136.29,137.42 1 1
github.com/dwin/goArgonPass/password.go:141.3,141.13 1 1
github.com/dwin/goArgonPass/password.go:137.42,139.4 1 1
github.com/dwin/goArgonPass/password.go:149.48,151.58 2 1
github.com/dwin/goArgonPass/password.go:154.2,154.18 1 1
github.com/dwin/goArgonPass/password.go:151.58,153.3 1 0
github.com/dwin/goArgonPass/password.go:158.74,159.25 1 1
github.com/dwin/goArgonPass/password.go:160.17,161.100 1 1
github.com/dwin/goArgonPass/password.go:162.18,163.102 1 1
github.com/dwin/goArgonPass/password.go:164.10,165.34 1 1
github.com/dwin/goArgonPass/password.go:170.67,175.16 3 1
github.com/dwin/goArgonPass/password.go:178.2,179.16 2 1
github.com/dwin/goArgonPass/password.go:182.2,183.16 2 1
github.com/dwin/goArgonPass/password.go:186.2,190.17 4 1
github.com/dwin/goArgonPass/password.go:175.16,177.3 1 1
github.com/dwin/goArgonPass/password.go:179.16,181.3 1 1
github.com/dwin/goArgonPass/password.go:183.16,185.3 1 1
github.com/dwin/goArgonPass/password.go:194.65,204.2 7 1
